STL translation to Solid Edge
Date: Saturday,July 26,2025 12:57PM
Source File:C:\Users\MatthiasCarlsson\Documents\CAD\Bastu_timrad\stl\vagg_kort.stl
Author: Unknown
Organization: Unknown
Source System: DEX

Hardware:
Processor: AMD Ryzen 5 5600U with Radeon Graphics         
Operating System: Windows 10 Professional
Installed Memory: 14,82 GB

Software Information:
Parasolid Version: 37.0.118
PSBodyshop Version: 37.0.94
STL Adapter Version: 15.0.142
Solid Edge Version: 225.00.01.004 x64

STL Import Options
Heal Mesh Faults:Off
Make Base Feature:On
Enable Logging:On

Translation progress:
Translation process completed
Time required to translate:00 : 00 : 00
